<?xml version="1.0" encoding="UTF-8"?>
<!-- Generated by org.testng.reporters.JUnitReportReporter -->
<testsuite hostname="MAVBCP2298" failures="0" tests="2" name="com.scuba.training.SampleTestNG" time="0.008" errors="0" timestamp="2021-12-02T15:25:22 IST" skipped="0">
  <testcase classname="com.scuba.training.SampleTestNG" name="Five" time="0.007"/>
  <system-out/>
  <testcase classname="com.scuba.training.SampleTestNG" name="Twelve" time="0.001"/>
  <system-out/>
</testsuite> <!-- com.scuba.training.SampleTestNG -->
