<?xml version="1.0" encoding="UTF-8"?>
<!-- Generated by org.testng.reporters.JUnitReportReporter -->
<testsuite hostname="MAVBCP2298" failures="0" tests="1" name="com.scuba.training.ParamTestNG" time="0.010" errors="0" timestamp="2021-12-02T16:00:25 IST" skipped="0">
  <testcase classname="com.scuba.training.ParamTestNG" name="parameterTest" time="0.010"/>
  <system-out/>
</testsuite> <!-- com.scuba.training.ParamTestNG -->
