<?xml version="1.0" encoding="UTF-8"?>
<!-- Generated by org.testng.reporters.JUnitReportReporter -->
<testsuite hostname="MAVBCP2298" failures="0" tests="3" name="com.scuba.training.DataProviders" time="0.018" errors="0" timestamp="2021-12-05T20:18:34 IST" skipped="0">
  <testcase classname="com.scuba.training.DataProviders" name="testMethod1" time="0.013"/>
  <system-out/>
  <testcase classname="com.scuba.training.DataProviders" name="testMethod1" time="0.003"/>
  <system-out/>
  <testcase classname="com.scuba.training.DataProviders" name="testMethod1" time="0.002"/>
  <system-out/>
</testsuite> <!-- com.scuba.training.DataProviders -->
